[2026-02-05T12:58:53.466+0000] {local_task_job_runner.py:120} INFO - ::group::Pre task execution logs
[2026-02-05T12:58:53.482+0000] {taskinstance.py:2073} INFO - Dependencies all met for dep_context=non-requeueable deps ti=<TaskInstance: example_bash_decorator.get_file_stats manual__2026-02-05T12:58:48.363662+00:00 [queued]>
[2026-02-05T12:58:53.495+0000] {taskinstance.py:2073} INFO - Dependencies all met for dep_context=requeueable deps ti=<TaskInstance: example_bash_decorator.get_file_stats manual__2026-02-05T12:58:48.363662+00:00 [queued]>
[2026-02-05T12:58:53.497+0000] {taskinstance.py:2303} INFO - Starting attempt 1 of 1
[2026-02-05T12:58:53.516+0000] {taskinstance.py:2327} INFO - Executing <Task(_BashDecoratedOperator): get_file_stats> on 2026-02-05 12:58:48.363662+00:00
[2026-02-05T12:58:53.534+0000] {warnings.py:110} WARNING - /home/***/.local/lib/python3.12/site-packages/***/task/task_runner/standard_task_runner.py:61: DeprecationWarning: This process (pid=107) is multi-threaded, use of fork() may lead to deadlocks in the child.
  pid = os.fork()

[2026-02-05T12:58:53.538+0000] {standard_task_runner.py:63} INFO - Started process 122 to run task
[2026-02-05T12:58:53.538+0000] {standard_task_runner.py:90} INFO - Running: ['***', 'tasks', 'run', 'example_bash_decorator', 'get_file_stats', 'manual__2026-02-05T12:58:48.363662+00:00', '--job-id', '3', '--raw', '--subdir', '/home/***/.local/lib/python3.12/site-packages/***/example_dags/example_bash_decorator.py', '--cfg-path', '/tmp/tmph7lshel0']
[2026-02-05T12:58:53.544+0000] {standard_task_runner.py:91} INFO - Job 3: Subtask get_file_stats
[2026-02-05T12:58:53.684+0000] {task_command.py:426} INFO - Running <TaskInstance: example_bash_decorator.get_file_stats manual__2026-02-05T12:58:48.363662+00:00 [running]> on host f4e9003cc0ce
[2026-02-05T12:58:53.835+0000] {taskinstance.py:2644} INFO - Exporting env vars: AIRFLOW_CTX_DAG_OWNER='***' AIRFLOW_CTX_DAG_ID='example_bash_decorator' AIRFLOW_CTX_TASK_ID='get_file_stats' AIRFLOW_CTX_EXECUTION_DATE='2026-02-05T12:58:48.363662+00:00' AIRFLOW_CTX_TRY_NUMBER='1' AIRFLOW_CTX_DAG_RUN_ID='manual__2026-02-05T12:58:48.363662+00:00'
[2026-02-05T12:58:53.841+0000] {taskinstance.py:430} INFO - ::endgroup::
[2026-02-05T12:58:53.875+0000] {subprocess.py:63} INFO - Tmp dir root location: /tmp
[2026-02-05T12:58:53.876+0000] {subprocess.py:75} INFO - Running command: ['/usr/bin/bash', '-c', 'stat ']
[2026-02-05T12:58:53.888+0000] {subprocess.py:86} INFO - Output:
[2026-02-05T12:58:53.893+0000] {subprocess.py:93} INFO - stat: missing operand
[2026-02-05T12:58:53.894+0000] {subprocess.py:93} INFO - Try 'stat --help' for more information.
[2026-02-05T12:58:53.895+0000] {subprocess.py:97} INFO - Command exited with return code 1
[2026-02-05T12:58:53.896+0000] {taskinstance.py:441} INFO - ::group::Post task execution logs
[2026-02-05T12:58:53.909+0000] {taskinstance.py:2890} ERROR - Task failed with exception
Traceback (most recent call last):
  File "/home/airflow/.local/lib/python3.12/site-packages/airflow/models/taskinstance.py", line 465, in _execute_task
    result = _execute_callable(context=context, **execute_callable_kwargs)
             ^^^^^^^^^^^^^^^^^^^^^^^^^^^^^^^^^^^^^^^^^^^^^^^^^^^^^^^^^^^^^
  File "/home/airflow/.local/lib/python3.12/site-packages/airflow/models/taskinstance.py", line 432, in _execute_callable
    return execute_callable(context=context, **execute_callable_kwargs)
           ^^^^^^^^^^^^^^^^^^^^^^^^^^^^^^^^^^^^^^^^^^^^^^^^^^^^^^^^^^^^
  File "/home/airflow/.local/lib/python3.12/site-packages/airflow/models/baseoperator.py", line 400, in wrapper
    return func(self, *args, **kwargs)
           ^^^^^^^^^^^^^^^^^^^^^^^^^^^
  File "/home/airflow/.local/lib/python3.12/site-packages/airflow/decorators/bash.py", line 81, in execute
    return super().execute(context)
           ^^^^^^^^^^^^^^^^^^^^^^^^
  File "/home/airflow/.local/lib/python3.12/site-packages/airflow/models/baseoperator.py", line 400, in wrapper
    return func(self, *args, **kwargs)
           ^^^^^^^^^^^^^^^^^^^^^^^^^^^
  File "/home/airflow/.local/lib/python3.12/site-packages/airflow/decorators/base.py", line 265, in execute
    return_value = super().execute(context)
                   ^^^^^^^^^^^^^^^^^^^^^^^^
  File "/home/airflow/.local/lib/python3.12/site-packages/airflow/models/baseoperator.py", line 400, in wrapper
    return func(self, *args, **kwargs)
           ^^^^^^^^^^^^^^^^^^^^^^^^^^^
  File "/home/airflow/.local/lib/python3.12/site-packages/airflow/operators/bash.py", line 243, in execute
    raise AirflowException(
airflow.exceptions.AirflowException: Bash command failed. The command returned a non-zero exit code 1.
[2026-02-05T12:58:53.914+0000] {taskinstance.py:1205} INFO - Marking task as FAILED. dag_id=example_bash_decorator, task_id=get_file_stats, execution_date=20260205T125848, start_date=20260205T125853, end_date=20260205T125853
[2026-02-05T12:58:53.939+0000] {standard_task_runner.py:110} ERROR - Failed to execute job 3 for task get_file_stats (Bash command failed. The command returned a non-zero exit code 1.; 122)
[2026-02-05T12:58:53.978+0000] {local_task_job_runner.py:240} INFO - Task exited with return code 1
[2026-02-05T12:58:54.025+0000] {taskinstance.py:3482} INFO - 0 downstream tasks scheduled from follow-on schedule check
[2026-02-05T12:58:54.027+0000] {local_task_job_runner.py:222} INFO - ::endgroup::
